<?xml version="1.0" encoding="UTF-8"?>
<!-- Generated by org.testng.reporters.JUnitXMLReporter -->
<testsuite ignored="0" hostname="DESKTOP-6UTLADQ" failures="0" tests="7" name="mytest" time="20.351" errors="0" timestamp="2024-08-06T11:46:32 IST">
  <testcase classname="TestNg.basic" name="LogIn" time="0.017"/>
  <testcase classname="TestNg.basic" name="Logout" time="0.002"/>
  <testcase classname="TestNg.basic" name="OpenURL" time="0.003"/>
  <testcase classname="TestNg.NewTest" name="teraUp" time="8.525"/>
  <testcase classname="TestNg.NewTest" name="logo" time="0.628"/>
  <testcase classname="TestNg.NewTest" name="Login" time="10.906"/>
  <testcase classname="TestNg.NewTest" name="teraDown" time="0.176"/>
</testsuite> <!-- mytest -->
