<?xml version="1.0" encoding="UTF-8"?>
<!-- Generated by org.testng.reporters.JUnitXMLReporter -->
<testsuite ignored="0" hostname="DESKTOP-6UTLADQ" failures="1" tests="1" name="ed" time="27.897" errors="0" timestamp="2024-08-05T11:15:38 IST">
  <testcase classname="Grouping.Parllel" name="logo" time="3.078">
    <failure type="java.lang.AssertionError" message="null">
      <![CDATA[java.lang.AssertionError: null
at Grouping.Parllel.logo(Parllel.java:51)
at java.base/java.util.ArrayList.forEach(ArrayList.java:1597)
at java.base/java.util.concurrent.FutureTask.run(FutureTask.java:317)
at java.base/java.util.concurrent.ThreadPoolExecutor.runWorker(ThreadPoolExecutor.java:1144)
at java.base/java.util.concurrent.ThreadPoolExecutor$Worker.run(ThreadPoolExecutor.java:642)
at java.base/java.lang.Thread.run(Thread.java:1570)
... Removed 18 stack frames]]>
    </failure>
  </testcase> <!-- logo -->
</testsuite> <!-- ed -->
