<?xml version="1.0" encoding="UTF-8"?>
<!-- Generated by org.testng.reporters.JUnitXMLReporter -->
<testsuite ignored="0" hostname="DESKTOP-6UTLADQ" failures="1" tests="1" name="Test" time="28.007" errors="0" timestamp="2024-08-02T14:28:51 IST">
  <testcase classname="Grouping.Parllel" name="logo" time="0.897">
    <failure type="java.lang.AssertionError" message="null">
      <![CDATA[java.lang.AssertionError: null
at Grouping.Parllel.logo(Parllel.java:47)
at java.base/java.util.ArrayList.forEach(ArrayList.java:1597)
... Removed 27 stack frames]]>
    </failure>
  </testcase> <!-- logo -->
</testsuite> <!-- Test -->
