<?xml version="1.0" encoding="UTF-8"?>
<!-- Generated by org.testng.reporters.JUnitXMLReporter -->
<testsuite ignored="3" hostname="DESKTOP-6UTLADQ" failures="0" tests="6" name="Test" time="0.126" errors="0" timestamp="2024-08-06T11:36:19 IST">
  <testcase classname="Grouping.Basic" name="loginByMail" time="0.022"/>
  <testcase classname="Grouping.Basic" name="loginByFacebook" time="0.005"/>
  <testcase classname="Grouping.Basic" name="loginByTwitter" time="0.002"/>
  <testcase classname="Grouping.Basic" name="signUpBymail" time="0.002"/>
  <testcase classname="Grouping.Basic" name="PaymentInRupees" time="0.003"/>
  <testcase classname="Grouping.Basic" name="PaymentInDollar" time="0.002"/>
  <testcase classname="Grouping.Basic" name="signUpByFacebook" time="0.0">
    <ignored/>
  </testcase> <!-- signUpByFacebook -->
  <testcase classname="Grouping.Basic" name="PaymentReturnByBank" time="0.0">
    <ignored/>
  </testcase> <!-- PaymentReturnByBank -->
  <testcase classname="Grouping.Basic" name="signUpByTwitter" time="0.0">
    <ignored/>
  </testcase> <!-- signUpByTwitter -->
</testsuite> <!-- Test -->
