<?xml version="1.0" encoding="UTF-8"?>
<!-- Generated by org.testng.reporters.JUnitXMLReporter -->
<testsuite ignored="0" hostname="DESKTOP-6UTLADQ" failures="0" tests="3" name="Test" time="4.788" errors="0" timestamp="2024-08-02T14:21:20 IST">
  <testcase classname="Grouping.nop_grouping" name="URL" time="1.631"/>
  <testcase classname="Grouping.nop_grouping" name="TestLogin" time="0.0">
    <skipped/>
  </testcase> <!-- TestLogin -->
  <testcase classname="Grouping.nop_grouping" name="teraDown" time="0.36"/>
</testsuite> <!-- Test -->
